{"/Users/consultadd/Documents/support-ticket-management-api/src/app.ts": {"path":"/Users/consultadd/Documents/support-ticket-management-api/src/app.ts","statementMap":{"0":{"start":{"line":1,"column":0},"end":{"line":1,"column":30}},"1":{"start":{"line":2,"column":0},"end":{"line":2,"column":28}},"2":{"start":{"line":4,"column":0},"end":{"line":4,"column":53}},"3":{"start":{"line":5,"column":0},"end":{"line":5,"column":56}},"4":{"start":{"line":7,"column":12},"end":{"line":7,"column":21}},"5":{"start":{"line":9,"column":0},"end":{"line":9,"column":24}},"6":{"start":{"line":10,"column":0},"end":{"line":10,"column":23}},"7":{"start":{"line":12,"column":0},"end":{"line":19,"column":3}},"8":{"start":{"line":13,"column":2},"end":{"line":18,"column":5}},"9":{"start":{"line":21,"column":0},"end":{"line":21,"column":41}},"10":{"start":{"line":23,"column":0},"end":{"line":23,"column":19}}},"fnMap":{"0":{"name":"(anonymous_1)","decl":{"start":{"line":12,"column":19},"end":{"line":12,"column":20}},"loc":{"start":{"line":12,"column":33},"end":{"line":19,"column":1}}}},"branchMap":{},"s":{"0":1,"1":1,"2":1,"3":1,"4":1,"5":1,"6":1,"7":1,"8":1,"9":1,"10":1},"f":{"0":1},"b":{}}
,"/Users/consultadd/Documents/support-ticket-management-api/src/api/v1/controllers/ticketController.ts": {"path":"/Users/consultadd/Documents/support-ticket-management-api/src/api/v1/controllers/ticketController.ts","statementMap":{"0":{"start":{"line":2,"column":0},"end":{"line":2,"column":54}},"1":{"start":{"line":3,"column":0},"end":{"line":3,"column":60}},"2":{"start":{"line":4,"column":0},"end":{"line":4,"column":56}},"3":{"start":{"line":6,"column":24},"end":{"line":11,"column":2}},"4":{"start":{"line":12,"column":20},"end":{"line":16,"column":2}},"5":{"start":{"line":18,"column":29},"end":{"line":23,"column":1}},"6":{"start":{"line":19,"column":2},"end":{"line":22,"column":5}},"7":{"start":{"line":18,"column":13},"end":{"line":18,"column":29}},"8":{"start":{"line":25,"column":29},"end":{"line":42,"column":1}},"9":{"start":{"line":26,"column":13},"end":{"line":26,"column":34}},"10":{"start":{"line":28,"column":17},"end":{"line":28,"column":48}},"11":{"start":{"line":30,"column":2},"end":{"line":36,"column":3}},"12":{"start":{"line":31,"column":4},"end":{"line":34,"column":7}},"13":{"start":{"line":35,"column":4},"end":{"line":35,"column":11}},"14":{"start":{"line":38,"column":2},"end":{"line":41,"column":5}},"15":{"start":{"line":25,"column":13},"end":{"line":25,"column":29}},"16":{"start":{"line":44,"column":28},"end":{"line":82,"column":1}},"17":{"start":{"line":45,"column":43},"end":{"line":45,"column":51}},"18":{"start":{"line":47,"column":2},"end":{"line":53,"column":3}},"19":{"start":{"line":48,"column":4},"end":{"line":51,"column":7}},"20":{"start":{"line":52,"column":4},"end":{"line":52,"column":11}},"21":{"start":{"line":55,"column":2},"end":{"line":61,"column":3}},"22":{"start":{"line":56,"column":4},"end":{"line":59,"column":7}},"23":{"start":{"line":60,"column":4},"end":{"line":60,"column":11}},"24":{"start":{"line":63,"column":2},"end":{"line":70,"column":3}},"25":{"start":{"line":64,"column":4},"end":{"line":68,"column":7}},"26":{"start":{"line":69,"column":4},"end":{"line":69,"column":11}},"27":{"start":{"line":72,"column":17},"end":{"line":76,"column":4}},"28":{"start":{"line":78,"column":2},"end":{"line":81,"column":5}},"29":{"start":{"line":44,"column":13},"end":{"line":44,"column":28}},"30":{"start":{"line":84,"column":28},"end":{"line":137,"column":1}},"31":{"start":{"line":88,"column":13},"end":{"line":88,"column":34}},"32":{"start":{"line":90,"column":25},"end":{"line":90,"column":56}},"33":{"start":{"line":92,"column":2},"end":{"line":98,"column":3}},"34":{"start":{"line":93,"column":4},"end":{"line":96,"column":7}},"35":{"start":{"line":97,"column":4},"end":{"line":97,"column":11}},"36":{"start":{"line":100,"column":31},"end":{"line":100,"column":39}},"37":{"start":{"line":102,"column":2},"end":{"line":113,"column":3}},"38":{"start":{"line":106,"column":4},"end":{"line":110,"column":7}},"39":{"start":{"line":112,"column":4},"end":{"line":112,"column":11}},"40":{"start":{"line":115,"column":2},"end":{"line":126,"column":3}},"41":{"start":{"line":119,"column":4},"end":{"line":123,"column":7}},"42":{"start":{"line":125,"column":4},"end":{"line":125,"column":11}},"43":{"start":{"line":128,"column":24},"end":{"line":130,"column":null}},"44":{"start":{"line":133,"column":2},"end":{"line":136,"column":5}},"45":{"start":{"line":84,"column":13},"end":{"line":84,"column":28}},"46":{"start":{"line":139,"column":28},"end":{"line":160,"column":1}},"47":{"start":{"line":143,"column":13},"end":{"line":143,"column":34}},"48":{"start":{"line":145,"column":18},"end":{"line":145,"column":48}},"49":{"start":{"line":147,"column":2},"end":{"line":154,"column":3}},"50":{"start":{"line":148,"column":4},"end":{"line":151,"column":7}},"51":{"start":{"line":153,"column":4},"end":{"line":153,"column":11}},"52":{"start":{"line":156,"column":2},"end":{"line":159,"column":5}},"53":{"start":{"line":139,"column":13},"end":{"line":139,"column":28}},"54":{"start":{"line":161,"column":32},"end":{"line":188,"column":1}},"55":{"start":{"line":165,"column":13},"end":{"line":165,"column":34}},"56":{"start":{"line":167,"column":17},"end":{"line":167,"column":48}},"57":{"start":{"line":169,"column":2},"end":{"line":176,"column":3}},"58":{"start":{"line":170,"column":4},"end":{"line":173,"column":7}},"59":{"start":{"line":175,"column":4},"end":{"line":175,"column":11}},"60":{"start":{"line":179,"column":4},"end":{"line":179,"column":43}},"61":{"start":{"line":181,"column":2},"end":{"line":187,"column":5}},"62":{"start":{"line":161,"column":13},"end":{"line":161,"column":32}}},"fnMap":{"0":{"name":"(anonymous_1)","decl":{"start":{"line":18,"column":29},"end":{"line":18,"column":30}},"loc":{"start":{"line":18,"column":68},"end":{"line":23,"column":1}}},"1":{"name":"(anonymous_2)","decl":{"start":{"line":25,"column":29},"end":{"line":25,"column":30}},"loc":{"start":{"line":25,"column":67},"end":{"line":42,"column":1}}},"2":{"name":"(anonymous_3)","decl":{"start":{"line":44,"column":28},"end":{"line":44,"column":29}},"loc":{"start":{"line":44,"column":66},"end":{"line":82,"column":1}}},"3":{"name":"(anonymous_4)","decl":{"start":{"line":84,"column":28},"end":{"line":84,"column":null}},"loc":{"start":{"line":87,"column":10},"end":{"line":137,"column":1}}},"4":{"name":"(anonymous_5)","decl":{"start":{"line":139,"column":28},"end":{"line":139,"column":null}},"loc":{"start":{"line":142,"column":10},"end":{"line":160,"column":1}}},"5":{"name":"(anonymous_6)","decl":{"start":{"line":161,"column":32},"end":{"line":161,"column":null}},"loc":{"start":{"line":164,"column":10},"end":{"line":188,"column":1}}}},"branchMap":{"0":{"loc":{"start":{"line":30,"column":2},"end":{"line":36,"column":3}},"type":"if","locations":[{"start":{"line":30,"column":2},"end":{"line":36,"column":3}},{"start":{},"end":{}}]},"1":{"loc":{"start":{"line":47,"column":2},"end":{"line":53,"column":3}},"type":"if","locations":[{"start":{"line":47,"column":2},"end":{"line":53,"column":3}},{"start":{},"end":{}}]},"2":{"loc":{"start":{"line":55,"column":2},"end":{"line":61,"column":3}},"type":"if","locations":[{"start":{"line":55,"column":2},"end":{"line":61,"column":3}},{"start":{},"end":{}}]},"3":{"loc":{"start":{"line":63,"column":2},"end":{"line":70,"column":3}},"type":"if","locations":[{"start":{"line":63,"column":2},"end":{"line":70,"column":3}},{"start":{},"end":{}}]},"4":{"loc":{"start":{"line":92,"column":2},"end":{"line":98,"column":3}},"type":"if","locations":[{"start":{"line":92,"column":2},"end":{"line":98,"column":3}},{"start":{},"end":{}}]},"5":{"loc":{"start":{"line":102,"column":2},"end":{"line":113,"column":3}},"type":"if","locations":[{"start":{"line":102,"column":2},"end":{"line":113,"column":3}},{"start":{},"end":{}}]},"6":{"loc":{"start":{"line":103,"column":4},"end":{"line":104,"column":39}},"type":"binary-expr","locations":[{"start":{"line":103,"column":4},"end":{"line":103,"column":12}},{"start":{"line":104,"column":4},"end":{"line":104,"column":39}}]},"7":{"loc":{"start":{"line":115,"column":2},"end":{"line":126,"column":3}},"type":"if","locations":[{"start":{"line":115,"column":2},"end":{"line":126,"column":3}},{"start":{},"end":{}}]},"8":{"loc":{"start":{"line":116,"column":4},"end":{"line":117,"column":33}},"type":"binary-expr","locations":[{"start":{"line":116,"column":4},"end":{"line":116,"column":10}},{"start":{"line":117,"column":4},"end":{"line":117,"column":33}}]},"9":{"loc":{"start":{"line":147,"column":2},"end":{"line":154,"column":3}},"type":"if","locations":[{"start":{"line":147,"column":2},"end":{"line":154,"column":3}},{"start":{},"end":{}}]},"10":{"loc":{"start":{"line":169,"column":2},"end":{"line":176,"column":3}},"type":"if","locations":[{"start":{"line":169,"column":2},"end":{"line":176,"column":3}},{"start":{},"end":{}}]}},"s":{"0":1,"1":1,"2":1,"3":1,"4":1,"5":1,"6":1,"7":1,"8":1,"9":2,"10":2,"11":2,"12":1,"13":1,"14":1,"15":1,"16":1,"17":3,"18":3,"19":1,"20":1,"21":2,"22":0,"23":0,"24":2,"25":0,"26":0,"27":2,"28":2,"29":1,"30":1,"31":1,"32":1,"33":1,"34":0,"35":0,"36":1,"37":1,"38":0,"39":0,"40":1,"41":0,"42":0,"43":1,"44":1,"45":1,"46":1,"47":1,"48":1,"49":1,"50":0,"51":0,"52":1,"53":1,"54":1,"55":1,"56":1,"57":1,"58":0,"59":0,"60":1,"61":1,"62":1},"f":{"0":1,"1":2,"2":3,"3":1,"4":1,"5":1},"b":{"0":[1,1],"1":[1,2],"2":[0,2],"3":[0,2],"4":[0,1],"5":[0,1],"6":[1,0],"7":[0,1],"8":[1,1],"9":[0,1],"10":[0,1]}}
,"/Users/consultadd/Documents/support-ticket-management-api/src/api/v1/routes/ticketRoutes.ts": {"path":"/Users/consultadd/Documents/support-ticket-management-api/src/api/v1/routes/ticketRoutes.ts","statementMap":{"0":{"start":{"line":1,"column":0},"end":{"line":1,"column":33}},"1":{"start":{"line":3,"column":0},"end":{"line":3,"column":null}},"2":{"start":{"line":12,"column":15},"end":{"line":12,"column":23}},"3":{"start":{"line":14,"column":0},"end":{"line":14,"column":31}},"4":{"start":{"line":16,"column":0},"end":{"line":16,"column":34}},"5":{"start":{"line":18,"column":0},"end":{"line":18,"column":45}},"6":{"start":{"line":20,"column":0},"end":{"line":20,"column":31}},"7":{"start":{"line":22,"column":0},"end":{"line":22,"column":33}},"8":{"start":{"line":24,"column":0},"end":{"line":24,"column":36}},"9":{"start":{"line":26,"column":0},"end":{"line":26,"column":22}}},"fnMap":{},"branchMap":{},"s":{"0":1,"1":1,"2":1,"3":1,"4":1,"5":1,"6":1,"7":1,"8":1,"9":1},"f":{},"b":{}}
,"/Users/consultadd/Documents/support-ticket-management-api/src/api/v1/services/ticketService.ts": {"path":"/Users/consultadd/Documents/support-ticket-management-api/src/api/v1/services/ticketService.ts","statementMap":{"0":{"start":{"line":1,"column":0},"end":{"line":1,"column":48}},"1":{"start":{"line":9,"column":4},"end":{"line":9,"column":19}},"2":{"start":{"line":13,"column":4},"end":{"line":13,"column":54}},"3":{"start":{"line":13,"column":36},"end":{"line":13,"column":52}},"4":{"start":{"line":21,"column":30},"end":{"line":31,"column":6}},"5":{"start":{"line":24,"column":43},"end":{"line":24,"column":47}},"6":{"start":{"line":33,"column":4},"end":{"line":33,"column":28}},"7":{"start":{"line":35,"column":4},"end":{"line":35,"column":21}},"8":{"start":{"line":42,"column":19},"end":{"line":42,"column":51}},"9":{"start":{"line":42,"column":39},"end":{"line":42,"column":50}},"10":{"start":{"line":44,"column":4},"end":{"line":46,"column":5}},"11":{"start":{"line":45,"column":6},"end":{"line":45,"column":23}},"12":{"start":{"line":48,"column":4},"end":{"line":48,"column":35}},"13":{"start":{"line":50,"column":4},"end":{"line":50,"column":18}},"14":{"start":{"line":54,"column":18},"end":{"line":55,"column":null}},"15":{"start":{"line":55,"column":18},"end":{"line":55,"column":34}},"16":{"start":{"line":58,"column":4},"end":{"line":60,"column":5}},"17":{"start":{"line":59,"column":6},"end":{"line":59,"column":19}},"18":{"start":{"line":62,"column":4},"end":{"line":62,"column":29}},"19":{"start":{"line":64,"column":4},"end":{"line":64,"column":16}},"20":{"start":{"line":68,"column":0},"end":{"line":68,"column":35}}},"fnMap":{"0":{"name":"(anonymous_0)","decl":{"start":{"line":8,"column":2},"end":{"line":8,"column":15}},"loc":{"start":{"line":8,"column":15},"end":{"line":10,"column":3}}},"1":{"name":"(anonymous_1)","decl":{"start":{"line":12,"column":2},"end":{"line":12,"column":15}},"loc":{"start":{"line":12,"column":26},"end":{"line":14,"column":3}}},"2":{"name":"(anonymous_2)","decl":{"start":{"line":13,"column":24},"end":{"line":13,"column":25}},"loc":{"start":{"line":13,"column":36},"end":{"line":13,"column":52}}},"3":{"name":"(anonymous_3)","decl":{"start":{"line":16,"column":2},"end":{"line":16,"column":14}},"loc":{"start":{"line":20,"column":3},"end":{"line":36,"column":3}}},"4":{"name":"(anonymous_4)","decl":{"start":{"line":24,"column":36},"end":{"line":24,"column":37}},"loc":{"start":{"line":24,"column":43},"end":{"line":24,"column":47}}},"5":{"name":"(anonymous_5)","decl":{"start":{"line":38,"column":2},"end":{"line":38,"column":14}},"loc":{"start":{"line":40,"column":28},"end":{"line":51,"column":3}}},"6":{"name":"(anonymous_6)","decl":{"start":{"line":42,"column":32},"end":{"line":42,"column":33}},"loc":{"start":{"line":42,"column":39},"end":{"line":42,"column":50}}},"7":{"name":"(anonymous_7)","decl":{"start":{"line":53,"column":2},"end":{"line":53,"column":14}},"loc":{"start":{"line":53,"column":25},"end":{"line":65,"column":3}}},"8":{"name":"(anonymous_8)","decl":{"start":{"line":55,"column":6},"end":{"line":55,"column":7}},"loc":{"start":{"line":55,"column":18},"end":{"line":55,"column":34}}}},"branchMap":{"0":{"loc":{"start":{"line":23,"column":8},"end":{"line":25,"column":13}},"type":"cond-expr","locations":[{"start":{"line":24,"column":12},"end":{"line":24,"column":53}},{"start":{"line":25,"column":12},"end":{"line":25,"column":13}}]},"1":{"loc":{"start":{"line":44,"column":4},"end":{"line":46,"column":5}},"type":"if","locations":[{"start":{"line":44,"column":4},"end":{"line":46,"column":5}},{"start":{},"end":{}}]},"2":{"loc":{"start":{"line":58,"column":4},"end":{"line":60,"column":5}},"type":"if","locations":[{"start":{"line":58,"column":4},"end":{"line":60,"column":5}},{"start":{},"end":{}}]}},"s":{"0":1,"1":1,"2":4,"3":10,"4":2,"5":15,"6":2,"7":2,"8":1,"9":1,"10":1,"11":0,"12":1,"13":1,"14":1,"15":8,"16":1,"17":0,"18":1,"19":1,"20":1},"f":{"0":1,"1":4,"2":10,"3":2,"4":15,"5":1,"6":1,"7":1,"8":8},"b":{"0":[2,0],"1":[0,1],"2":[0,1]}}
,"/Users/consultadd/Documents/support-ticket-management-api/src/api/v1/services/urgencyService.ts": {"path":"/Users/consultadd/Documents/support-ticket-management-api/src/api/v1/services/urgencyService.ts","statementMap":{"0":{"start":{"line":3,"column":22},"end":{"line":8,"column":2}},"1":{"start":{"line":17,"column":4},"end":{"line":22,"column":5}},"2":{"start":{"line":18,"column":6},"end":{"line":21,"column":8}},"3":{"start":{"line":24,"column":24},"end":{"line":24,"column":50}},"4":{"start":{"line":26,"column":24},"end":{"line":26,"column":34}},"5":{"start":{"line":28,"column":22},"end":{"line":30,"column":null}},"6":{"start":{"line":34,"column":6},"end":{"line":34,"column":52}},"7":{"start":{"line":36,"column":23},"end":{"line":36,"column":28}},"8":{"start":{"line":38,"column":4},"end":{"line":44,"column":5}},"9":{"start":{"line":39,"column":6},"end":{"line":39,"column":32}},"10":{"start":{"line":40,"column":11},"end":{"line":44,"column":5}},"11":{"start":{"line":41,"column":6},"end":{"line":41,"column":28}},"12":{"start":{"line":42,"column":11},"end":{"line":44,"column":5}},"13":{"start":{"line":43,"column":6},"end":{"line":43,"column":30}},"14":{"start":{"line":46,"column":4},"end":{"line":49,"column":6}},"15":{"start":{"line":53,"column":0},"end":{"line":53,"column":36}}},"fnMap":{"0":{"name":"(anonymous_0)","decl":{"start":{"line":16,"column":2},"end":{"line":16,"column":18}},"loc":{"start":{"line":16,"column":33},"end":{"line":50,"column":3}}}},"branchMap":{"0":{"loc":{"start":{"line":17,"column":4},"end":{"line":22,"column":5}},"type":"if","locations":[{"start":{"line":17,"column":4},"end":{"line":22,"column":5}},{"start":{},"end":{}}]},"1":{"loc":{"start":{"line":38,"column":4},"end":{"line":44,"column":5}},"type":"if","locations":[{"start":{"line":38,"column":4},"end":{"line":44,"column":5}},{"start":{"line":40,"column":11},"end":{"line":44,"column":5}}]},"2":{"loc":{"start":{"line":40,"column":11},"end":{"line":44,"column":5}},"type":"if","locations":[{"start":{"line":40,"column":11},"end":{"line":44,"column":5}},{"start":{"line":42,"column":11},"end":{"line":44,"column":5}}]},"3":{"loc":{"start":{"line":42,"column":11},"end":{"line":44,"column":5}},"type":"if","locations":[{"start":{"line":42,"column":11},"end":{"line":44,"column":5}},{"start":{},"end":{}}]}},"s":{"0":2,"1":5,"2":2,"3":3,"4":3,"5":3,"6":3,"7":3,"8":3,"9":1,"10":2,"11":0,"12":2,"13":0,"14":3,"15":2},"f":{"0":5},"b":{"0":[2,3],"1":[1,2],"2":[0,2],"3":[0,2]}}
,"/Users/consultadd/Documents/support-ticket-management-api/src/constants/httpStatus.ts": {"path":"/Users/consultadd/Documents/support-ticket-management-api/src/constants/httpStatus.ts","statementMap":{"0":{"start":{"line":1,"column":13},"end":{"line":7,"column":11}}},"fnMap":{},"branchMap":{},"s":{"0":1},"f":{},"b":{}}
,"/Users/consultadd/Documents/support-ticket-management-api/src/data/tickets.ts": {"path":"/Users/consultadd/Documents/support-ticket-management-api/src/data/tickets.ts","statementMap":{"0":{"start":{"line":3,"column":13},"end":{"line":60,"column":2}}},"fnMap":{},"branchMap":{},"s":{"0":1},"f":{},"b":{}}
}
