TN:
SF:src/app.ts
FN:12,(anonymous_1)
FNF:1
FNH:1
FNDA:1,(anonymous_1)
DA:1,1
DA:2,1
DA:4,1
DA:5,1
DA:7,1
DA:9,1
DA:10,1
DA:12,1
DA:13,1
DA:21,1
DA:23,1
LF:11
LH:11
BRF:0
BRH:0
end_of_record
TN:
SF:src/api/v1/controllers/ticketController.ts
FN:18,(anonymous_1)
FN:25,(anonymous_2)
FN:44,(anonymous_3)
FN:84,(anonymous_4)
FN:139,(anonymous_5)
FN:161,(anonymous_6)
FNF:6
FNH:6
FNDA:1,(anonymous_1)
FNDA:2,(anonymous_2)
FNDA:3,(anonymous_3)
FNDA:1,(anonymous_4)
FNDA:1,(anonymous_5)
FNDA:1,(anonymous_6)
DA:2,1
DA:3,1
DA:4,1
DA:6,1
DA:12,1
DA:18,1
DA:19,1
DA:25,1
DA:26,2
DA:28,2
DA:30,2
DA:31,1
DA:35,1
DA:38,1
DA:44,1
DA:45,3
DA:47,3
DA:48,1
DA:52,1
DA:55,2
DA:56,0
DA:60,0
DA:63,2
DA:64,0
DA:69,0
DA:72,2
DA:78,2
DA:84,1
DA:88,1
DA:90,1
DA:92,1
DA:93,0
DA:97,0
DA:100,1
DA:102,1
DA:106,0
DA:112,0
DA:115,1
DA:119,0
DA:125,0
DA:128,1
DA:133,1
DA:139,1
DA:143,1
DA:145,1
DA:147,1
DA:148,0
DA:153,0
DA:156,1
DA:161,1
DA:165,1
DA:167,1
DA:169,1
DA:170,0
DA:175,0
DA:179,1
DA:181,1
LF:57
LH:43
BRDA:30,0,0,1
BRDA:30,0,1,1
BRDA:47,1,0,1
BRDA:47,1,1,2
BRDA:55,2,0,0
BRDA:55,2,1,2
BRDA:63,3,0,0
BRDA:63,3,1,2
BRDA:92,4,0,0
BRDA:92,4,1,1
BRDA:102,5,0,0
BRDA:102,5,1,1
BRDA:103,6,0,1
BRDA:103,6,1,0
BRDA:115,7,0,0
BRDA:115,7,1,1
BRDA:116,8,0,1
BRDA:116,8,1,1
BRDA:147,9,0,0
BRDA:147,9,1,1
BRDA:169,10,0,0
BRDA:169,10,1,1
BRF:22
BRH:14
end_of_record
TN:
SF:src/api/v1/routes/ticketRoutes.ts
FNF:0
FNH:0
DA:1,1
DA:3,1
DA:12,1
DA:14,1
DA:16,1
DA:18,1
DA:20,1
DA:22,1
DA:24,1
DA:26,1
LF:10
LH:10
BRF:0
BRH:0
end_of_record
TN:
SF:src/api/v1/services/ticketService.ts
FN:8,(anonymous_0)
FN:12,(anonymous_1)
FN:13,(anonymous_2)
FN:16,(anonymous_3)
FN:24,(anonymous_4)
FN:38,(anonymous_5)
FN:42,(anonymous_6)
FN:53,(anonymous_7)
FN:55,(anonymous_8)
FNF:9
FNH:9
FNDA:1,(anonymous_0)
FNDA:4,(anonymous_1)
FNDA:10,(anonymous_2)
FNDA:2,(anonymous_3)
FNDA:15,(anonymous_4)
FNDA:1,(anonymous_5)
FNDA:1,(anonymous_6)
FNDA:1,(anonymous_7)
FNDA:8,(anonymous_8)
DA:1,1
DA:9,1
DA:13,10
DA:21,2
DA:24,15
DA:33,2
DA:35,2
DA:42,1
DA:44,1
DA:45,0
DA:48,1
DA:50,1
DA:54,1
DA:55,8
DA:58,1
DA:59,0
DA:62,1
DA:64,1
DA:68,1
LF:19
LH:17
BRDA:23,0,0,2
BRDA:23,0,1,0
BRDA:44,1,0,0
BRDA:44,1,1,1
BRDA:58,2,0,0
BRDA:58,2,1,1
BRF:6
BRH:3
end_of_record
TN:
SF:src/api/v1/services/urgencyService.ts
FN:16,(anonymous_0)
FNF:1
FNH:1
FNDA:5,(anonymous_0)
DA:3,2
DA:17,5
DA:18,2
DA:24,3
DA:26,3
DA:28,3
DA:34,3
DA:36,3
DA:38,3
DA:39,1
DA:40,2
DA:41,0
DA:42,2
DA:43,0
DA:46,3
DA:53,2
LF:16
LH:14
BRDA:17,0,0,2
BRDA:17,0,1,3
BRDA:38,1,0,1
BRDA:38,1,1,2
BRDA:40,2,0,0
BRDA:40,2,1,2
BRDA:42,3,0,0
BRDA:42,3,1,2
BRF:8
BRH:6
end_of_record
TN:
SF:src/constants/httpStatus.ts
FNF:0
FNH:0
DA:1,1
LF:1
LH:1
BRF:0
BRH:0
end_of_record
TN:
SF:src/data/tickets.ts
FNF:0
FNH:0
DA:3,1
LF:1
LH:1
BRF:0
BRH:0
end_of_record
